# ava perf RSS sampling
# pid=74864
# started=2026-05-18 19:01:36 +0800
# duration_min=30 interval_sec=30 samples=60
# columns: epoch_s rss_kb vsz_kb etime
1779102096 71904 442791712 02:38
1779102126 71504 442791712 03:08
1779102156 64624 442791712 03:38
1779102186 64624 442791712 04:08
1779102217 78768 442795808 04:38
1779102247 138368 442918432 05:09
1779102277 301232 442940016 05:39
1779102307 304144 442937664 06:09
1779102337 103024 442900576 06:39
1779102367 108128 442935568 07:09
1779102397 41072 442900576 07:39
1779102427 92752 442900576 08:09
1779102458 99344 442904768 08:39
1779102488 105200 442900576 09:10
1779102518 105872 442937664 09:40
1779102548 114688 442947184 10:10
1779102578 126064 442960512 10:40
1779102608 126304 442939872 11:10
1779102638 124320 442939872 11:40
1779102668 94352 442939872 12:10
1779102698 114272 442976960 12:40
1779102728 110448 442939872 13:10
1779102759 89776 442939872 13:41
1779102789 85152 442939872 14:11
1779102819 59568 442939872 14:41
1779102849 74048 442939872 15:11
1779102879 74128 442939872 15:41
1779102909 93872 442939872 16:11
1779102939 95328 442939872 16:41
1779102969 95552 442939872 17:11
1779103000 69824 442939872 17:42
1779103030 76944 442939872 18:12
1779103060 83488 442939872 18:42
1779103090 110128 442941968 19:12
1779103120 109088 442934432 19:42
1779103150 88016 442934432 20:12
1779103180 95328 442934432 20:42
1779103210 100720 442969424 21:12
1779103240 106960 442934416 21:42
1779103271 86832 442934416 22:13
1779103301 77616 442934416 22:43
1779103331 77632 442934416 23:13
1779103361 54032 442934416 23:43
