Evidence log: docs/desktop-acceptance-happy.log
Date: 2026-05-13T02:49:01Z
Command: scripts/verify-desktop-acceptance.sh --evidence-log docs/desktop-acceptance-happy.log
App path: /Users/fanghu/Documents/Test/ava/electron/dist/Ava-darwin-arm64/Ava.app
Skip build: 0
With port conflict: 0
Conflict port: 6688
Handoff readiness preflight: passed before evidence logging

==> pnpm electron:build

> ava@ electron:build /Users/fanghu/Documents/Test/ava
> pnpm --dir electron install --frozen-lockfile && pnpm --dir electron build

Lockfile is up to date, resolution step is skipped
Already up to date

Done in 244ms using pnpm v10.33.0

> @ava/electron-shell@0.1.0 build /Users/fanghu/Documents/Test/ava/electron
> node scripts/build.mjs


> console-ui@0.0.0 build
> tsc -b && vite build

vite v7.3.1 building client environment for production...
transforming...
✓ 3572 modules transformed.
rendering chunks...
computing gzip size...
dist/index.html                                           0.89 kB │ gzip:   0.44 kB
dist/assets/KaTeX_Size3-Regular-CTq5MqoE.woff             4.42 kB
dist/assets/KaTeX_Size4-Regular-Dl5lxZxV.woff2            4.93 kB
dist/assets/KaTeX_Size2-Regular-Dy4dx90m.woff2            5.21 kB
dist/assets/KaTeX_Size1-Regular-mCD8mA8B.woff2            5.47 kB
dist/assets/KaTeX_Size4-Regular-BF-4gkZK.woff             5.98 kB
dist/assets/KaTeX_Size2-Regular-oD1tc_U0.woff             6.19 kB
dist/assets/KaTeX_Size1-Regular-C195tn64.woff             6.50 kB
dist/assets/KaTeX_Caligraphic-Regular-Di6jR-x-.woff2      6.91 kB
dist/assets/KaTeX_Caligraphic-Bold-Dq_IR9rO.woff2         6.91 kB
dist/assets/KaTeX_Size3-Regular-DgpXs0kz.ttf              7.59 kB
dist/assets/KaTeX_Caligraphic-Regular-CTRA-rTL.woff       7.66 kB
dist/assets/KaTeX_Caligraphic-Bold-BEiXGLvX.woff          7.72 kB
dist/assets/KaTeX_Script-Regular-D3wIWfF6.woff2           9.64 kB
dist/assets/KaTeX_SansSerif-Regular-DDBCnlJ7.woff2       10.34 kB
dist/assets/KaTeX_Size4-Regular-DWFBv043.ttf             10.36 kB
dist/assets/KaTeX_Script-Regular-D5yQViql.woff           10.59 kB
dist/assets/KaTeX_Fraktur-Regular-CTYiF6lA.woff2         11.32 kB
dist/assets/KaTeX_Fraktur-Bold-CL6g_b3V.woff2            11.35 kB
dist/assets/KaTeX_Size2-Regular-B7gKUWhC.ttf             11.51 kB
dist/assets/KaTeX_SansSerif-Italic-C3H0VqGB.woff2        12.03 kB
dist/assets/KaTeX_SansSerif-Bold-D1sUS0GD.woff2          12.22 kB
dist/assets/KaTeX_Size1-Regular-Dbsnue_I.ttf             12.23 kB
dist/assets/KaTeX_SansSerif-Regular-CS6fqUqJ.woff        12.32 kB
dist/assets/KaTeX_Caligraphic-Regular-wX97UBjC.ttf       12.34 kB
dist/assets/KaTeX_Caligraphic-Bold-ATXxdsX0.ttf          12.37 kB
dist/assets/KaTeX_Fraktur-Regular-Dxdc4cR9.woff          13.21 kB
dist/assets/KaTeX_Fraktur-Bold-BsDP51OF.woff             13.30 kB
dist/assets/KaTeX_Typewriter-Regular-CO6r4hn1.woff2      13.57 kB
dist/assets/KaTeX_SansSerif-Italic-DN2j7dab.woff         14.11 kB
dist/assets/KaTeX_SansSerif-Bold-DbIhKOiC.woff           14.41 kB
dist/assets/KaTeX_Typewriter-Regular-C0xS9mPB.woff       16.03 kB
dist/assets/KaTeX_Math-BoldItalic-CZnvNsCZ.woff2         16.40 kB
dist/assets/KaTeX_Math-Italic-t53AETM-.woff2             16.44 kB
dist/assets/KaTeX_Script-Regular-C5JkGWo-.ttf            16.65 kB
dist/assets/KaTeX_Main-BoldItalic-DxDJ3AOS.woff2         16.78 kB
dist/assets/KaTeX_Main-Italic-NWA7e6Wa.woff2             16.99 kB
dist/assets/KaTeX_Math-BoldItalic-iY-2wyZ7.woff          18.67 kB
dist/assets/KaTeX_Math-Italic-DA0__PXp.woff              18.75 kB
dist/assets/KaTeX_Main-BoldItalic-SpSLRI95.woff          19.41 kB
dist/assets/KaTeX_SansSerif-Regular-BNo7hRIc.ttf         19.44 kB
dist/assets/KaTeX_Fraktur-Regular-CB_wures.ttf           19.57 kB
dist/assets/KaTeX_Fraktur-Bold-BdnERNNW.ttf              19.58 kB
dist/assets/KaTeX_Main-Italic-BMLOBm91.woff              19.68 kB
dist/assets/KaTeX_SansSerif-Italic-YYjJ1zSn.ttf          22.36 kB
dist/assets/KaTeX_SansSerif-Bold-CFMepnvq.ttf            24.50 kB
dist/assets/KaTeX_Main-Bold-Cx986IdX.woff2               25.32 kB
dist/assets/KaTeX_Main-Regular-B22Nviop.woff2            26.27 kB
dist/assets/KaTeX_Typewriter-Regular-D3Ib7_Hf.ttf        27.56 kB
dist/assets/KaTeX_AMS-Regular-BQhdFMY1.woff2             28.08 kB
dist/assets/KaTeX_Main-Bold-Jm3AIy58.woff                29.91 kB
dist/assets/KaTeX_Main-Regular-Dr94JaBh.woff             30.77 kB
dist/assets/KaTeX_Math-BoldItalic-B3XSjfu4.ttf           31.20 kB
dist/assets/KaTeX_Math-Italic-flOr_0UB.ttf               31.31 kB
dist/assets/KaTeX_Main-BoldItalic-DzxPMmG6.ttf           32.97 kB
dist/assets/KaTeX_AMS-Regular-DMm9YOAa.woff              33.52 kB
dist/assets/KaTeX_Main-Italic-3WenGoN9.ttf               33.58 kB
dist/assets/KaTeX_Main-Bold-waoOVXN0.ttf                 51.34 kB
dist/assets/KaTeX_Main-Regular-ypZvNtVU.ttf              53.58 kB
dist/assets/KaTeX_AMS-Regular-DRggAlZN.ttf               63.63 kB
dist/assets/index-D5LGlkhF.css                          107.56 kB │ gzip:  21.70 kB
dist/assets/MobilePairPage-Dll14xiU.js                    2.39 kB │ gzip:   1.04 kB
dist/assets/index-CUi2Lv4J.js                         2,292.90 kB │ gzip: 693.82 kB

(!) Some chunks are larger than 500 kB after minification. Consider:
- Using dynamic import() to code-split the application
- Use build.rollupOptions.output.manualChunks to improve chunking: https://rollupjs.org/configuration-options/#output-manualchunks
- Adjust chunk size limit for this warning via build.chunkSizeWarningLimit.
✓ built in 4.23s
installed cloudflared 2026.3.0 for darwin-arm64
Packaging app for platform darwin arm64 using electron v42.0.1
Wrote new app to: dist/Ava-darwin-arm64
/Users/fanghu/Documents/Test/ava/electron/dist/Ava-darwin-arm64/Ava.app: replacing existing signature
/Users/fanghu/Documents/Test/ava/electron/dist/Ava-darwin-arm64/Ava.app: valid on disk
/Users/fanghu/Documents/Test/ava/electron/dist/Ava-darwin-arm64/Ava.app: satisfies its Designated Requirement

==> codesign --verify --deep --strict --verbose=1 /Users/fanghu/Documents/Test/ava/electron/dist/Ava-darwin-arm64/Ava.app
/Users/fanghu/Documents/Test/ava/electron/dist/Ava-darwin-arm64/Ava.app: valid on disk
/Users/fanghu/Documents/Test/ava/electron/dist/Ava-darwin-arm64/Ava.app: satisfies its Designated Requirement

==> scripts/verify-desktop-setup-surface.sh /Users/fanghu/Documents/Test/ava/electron/dist/Ava-darwin-arm64/Ava.app
Desktop setup surface is wired and packaged in /Users/fanghu/Documents/Test/ava/electron/dist/Ava-darwin-arm64/Ava.app

==> node scripts/verify-desktop-setup-dom.mjs
Desktop setup DOM behavior verified

==> scripts/verify-desktop-launch.sh /Users/fanghu/Documents/Test/ava/electron/dist/Ava-darwin-arm64/Ava.app
Main executable: /Users/fanghu/Documents/Test/ava/electron/dist/Ava-darwin-arm64/Ava.app/Contents/MacOS/Ava
Main executable type: /Users/fanghu/Documents/Test/ava/electron/dist/Ava-darwin-arm64/Ava.app/Contents/MacOS/Ava: Mach-O 64-bit executable arm64
/Users/fanghu/Documents/Test/ava/electron/dist/Ava-darwin-arm64/Ava.app: valid on disk
/Users/fanghu/Documents/Test/ava/electron/dist/Ava-darwin-arm64/Ava.app: satisfies its Designated Requirement
Opening /Users/fanghu/Documents/Test/ava/electron/dist/Ava-darwin-arm64/Ava.app
Ava Console is healthy at http://127.0.0.1:6688

Automated desktop acceptance checks passed.
Full desktop acceptance is not complete until the manual visual fields below are filled.

Manual visual checks still required in this normal macOS desktop session:
- Finder double-click Ava.app: no Terminal window is required.
- Happy path: Console loads after double-click.
- Setup path: local setup surface appears before Console when nanobot or .venv is missing.
- Cancel path: Cancel stops an active uv sync, and Retry starts a new attempt.
- Logs path: Help -> Open Logs opens ~/Library/Logs/Ava.
- Before running the port-conflict handoff, quit the Ava.app instance opened by the previous handoff and make sure 127.0.0.1:6688 is free; run scripts/verify-desktop-handoff-ready.sh --port-conflict first.

Acceptance record fields:
- Date: 2026-05-13T02:49:35Z
- Command: scripts/verify-desktop-acceptance.sh --evidence-log docs/desktop-acceptance-happy.log
- App path: /Users/fanghu/Documents/Test/ava/electron/dist/Ava-darwin-arm64/Ava.app
- Evidence log: docs/desktop-acceptance-happy.log
- Conflict port: not run by this command
- Console happy path: automated LaunchServices verifier passed
- Dynamic-port path: not run by this command
- Finder double-click, no Terminal:
- Setup surface visible before Console:
- Cancel stops uv sync, Retry starts again:
- Help -> Open Logs opens ~/Library/Logs/Ava:
- Notes / log excerpts:

Paste-ready result record:
```text
Date: 2026-05-13T02:49:35Z
Command: scripts/verify-desktop-acceptance.sh --evidence-log docs/desktop-acceptance-happy.log
App path: /Users/fanghu/Documents/Test/ava/electron/dist/Ava-darwin-arm64/Ava.app
Evidence log: docs/desktop-acceptance-happy.log
Conflict port: not run by this command
Console happy path: automated LaunchServices verifier passed
Dynamic-port path: not run by this command
Finder double-click, no Terminal:
Setup surface visible before Console:
Cancel stops uv sync, Retry starts again:
Help -> Open Logs opens ~/Library/Logs/Ava:
Notes / log excerpts:
```

Record these fields in docs/desktop-launch-acceptance.md and the active Task Spec before closing the goal.
